<?xml version="1.0" encoding="UTF-8"?>
<!-- Generated by org.testng.reporters.JUnitReportReporter -->
<testsuite hostname="LOG-BOM-070" name="org.testing.TestScripts.TC7" tests="1" failures="0" timestamp="28 Apr 2021 07:43:50 GMT" time="0.001" errors="1">
  <testcase name="Signin" time="0.001" classname="org.testing.TestScripts.TC7">
    <error type="org.openqa.selenium.SessionNotCreatedException" message="session not created: This version of ChromeDriver only supports Chrome version 88
Current browser version is 90.0.4430.93 with binary path C:\Users\spa011\AppData\Local\Google\Chrome\Application\chrome.exe
Build info: version: &#039;3.141.59&#039;, revision: &#039;e82be7d358&#039;, time: &#039;2018-11-14T08:25:48&#039;
System info: host: &#039;LOG-BOM-070&#039;, ip: &#039;192.168.225.146&#039;, os.name: &#039;Windows 10&#039;, os.arch: &#039;amd64&#039;, os.version: &#039;10.0&#039;, java.version: &#039;1.8.0_271&#039;
Driver info: driver.version: ChromeDriver
remote stacktrace: Backtrace:
	GetHandleVerifier [0x0026B963+483]
	GetHandleVerifier [0x0026B941+449]
	GetHandleVerifier [0x00613308+3832712]
	GetHandleVerifier [0x0062D69A+3940122]
	GetHandleVerifier [0x00629AFB+3924859]
	GetHandleVerifier [0x00627D9C+3917340]
	GetHandleVerifier [0x0064E7FE+4075646]
	GetHandleVerifier [0x0064E56C+4074988]
	GetHandleVerifier [0x0064B2EB+4062059]
	GetHandleVerifier [0x0062ED14+3945876]
	GetHandleVerifier [0x0062FBCE+3949646]
	GetHandleVerifier [0x0062FB59+3949529]
	Ordinal0 [0x0022B5CC+46540]
	Ordinal0 [0x00229F53+40787]
	Ordinal0 [0x00229B12+39698]
	GetHandleVerifier [0x00531468+2907368]
	GetHandleVerifier [0x003771EE+1096302]
	GetHandleVerifier [0x00333E8D+821005]
	GetHandleVerifier [0x0033396B+819691]
	GetHandleVerifier [0x00333881+819457]
	GetHandleVerifier [0x0035F463+998627]
	BaseThreadInitThunk [0x7673FA29+25]
	RtlGetAppContainerNamedObjectPath [0x77BE7A4E+286]
	RtlGetAppContainerNamedObjectPath [0x77BE7A1E+238]
">
      <![CDATA[org.openqa.selenium.SessionNotCreatedException: session not created: This version of ChromeDriver only supports Chrome version 88
Current browser version is 90.0.4430.93 with binary path C:\Users\spa011\AppData\Local\Google\Chrome\Application\chrome.exe
Build info: version: '3.141.59', revision: 'e82be7d358', time: '2018-11-14T08:25:48'
System info: host: 'LOG-BOM-070', ip: '192.168.225.146', os.name: 'Windows 10', os.arch: 'amd64', os.version: '10.0', java.version: '1.8.0_271'
Driver info: driver.version: ChromeDriver
remote stacktrace: Backtrace:
	GetHandleVerifier [0x0026B963+483]
	GetHandleVerifier [0x0026B941+449]
	GetHandleVerifier [0x00613308+3832712]
	GetHandleVerifier [0x0062D69A+3940122]
	GetHandleVerifier [0x00629AFB+3924859]
	GetHandleVerifier [0x00627D9C+3917340]
	GetHandleVerifier [0x0064E7FE+4075646]
	GetHandleVerifier [0x0064E56C+4074988]
	GetHandleVerifier [0x0064B2EB+4062059]
	GetHandleVerifier [0x0062ED14+3945876]
	GetHandleVerifier [0x0062FBCE+3949646]
	GetHandleVerifier [0x0062FB59+3949529]
	Ordinal0 [0x0022B5CC+46540]
	Ordinal0 [0x00229F53+40787]
	Ordinal0 [0x00229B12+39698]
	GetHandleVerifier [0x00531468+2907368]
	GetHandleVerifier [0x003771EE+1096302]
	GetHandleVerifier [0x00333E8D+821005]
	GetHandleVerifier [0x0033396B+819691]
	GetHandleVerifier [0x00333881+819457]
	GetHandleVerifier [0x0035F463+998627]
	BaseThreadInitThunk [0x7673FA29+25]
	RtlGetAppContainerNamedObjectPath [0x77BE7A4E+286]
	RtlGetAppContainerNamedObjectPath [0x77BE7A1E+238]

	at sun.reflect.NativeConstructorAccessorImpl.newInstance0(Native Method)
	at sun.reflect.NativeConstructorAccessorImpl.newInstance(Unknown Source)
	at sun.reflect.DelegatingConstructorAccessorImpl.newInstance(Unknown Source)
	at java.lang.reflect.Constructor.newInstance(Unknown Source)
	at org.openqa.selenium.remote.W3CHandshakeResponse.lambda$errorHandler$0(W3CHandshakeResponse.java:62)
	at org.openqa.selenium.remote.HandshakeResponse.lambda$getResponseFunction$0(HandshakeResponse.java:30)
	at org.openqa.selenium.remote.ProtocolHandshake.lambda$createSession$0(ProtocolHandshake.java:126)
	at java.util.stream.ReferencePipeline$3$1.accept(Unknown Source)
	at java.util.Spliterators$ArraySpliterator.tryAdvance(Unknown Source)
	at java.util.stream.ReferencePipeline.forEachWithCancel(Unknown Source)
	at java.util.stream.AbstractPipeline.copyIntoWithCancel(Unknown Source)
	at java.util.stream.AbstractPipeline.copyInto(Unknown Source)
	at java.util.stream.AbstractPipeline.wrapAndCopyInto(Unknown Source)
	at java.util.stream.FindOps$FindOp.evaluateSequential(Unknown Source)
	at java.util.stream.AbstractPipeline.evaluate(Unknown Source)
	at java.util.stream.ReferencePipeline.findFirst(Unknown Source)
	at org.openqa.selenium.remote.ProtocolHandshake.createSession(ProtocolHandshake.java:128)
	at org.openqa.selenium.remote.ProtocolHandshake.createSession(ProtocolHandshake.java:74)
	at org.openqa.selenium.remote.HttpCommandExecutor.execute(HttpCommandExecutor.java:136)
	at org.openqa.selenium.remote.service.DriverCommandExecutor.execute(DriverCommandExecutor.java:83)
	at org.openqa.selenium.remote.RemoteWebDriver.execute(RemoteWebDriver.java:552)
	at org.openqa.selenium.remote.RemoteWebDriver.startSession(RemoteWebDriver.java:213)
	at org.openqa.selenium.remote.RemoteWebDriver.<init>(RemoteWebDriver.java:131)
	at org.openqa.selenium.chrome.ChromeDriver.<init>(ChromeDriver.java:181)
	at org.openqa.selenium.chrome.ChromeDriver.<init>(ChromeDriver.java:168)
	at org.openqa.selenium.chrome.ChromeDriver.<init>(ChromeDriver.java:123)
	at org.testing.TestScripts.TC7.Browseropening(TC7.java:19)
	at sun.reflect.NativeMethodAccessorImpl.invoke0(Native Method)
	at sun.reflect.NativeMethodAccessorImpl.invoke(Unknown Source)
	at sun.reflect.DelegatingMethodAccessorImpl.invoke(Unknown Source)
	at java.lang.reflect.Method.invoke(Unknown Source)
	at org.testng.internal.MethodInvocationHelper.invokeMethod(MethodInvocationHelper.java:85)
	at org.testng.internal.Invoker.invokeConfigurationMethod(Invoker.java:510)
	at org.testng.internal.Invoker.invokeConfigurations(Invoker.java:211)
	at org.testng.internal.Invoker.invokeMethod(Invoker.java:585)
	at org.testng.internal.Invoker.invokeTestMethod(Invoker.java:821)
	at org.testng.internal.Invoker.invokeTestMethods(Invoker.java:1131)
	at org.testng.internal.TestMethodWorker.invokeTestMethods(TestMethodWorker.java:124)
	at org.testng.internal.TestMethodWorker.run(TestMethodWorker.java:108)
	at org.testng.TestRunner.privateRun(TestRunner.java:773)
	at org.testng.TestRunner.run(TestRunner.java:623)
	at org.testng.SuiteRunner.runTest(SuiteRunner.java:357)
	at org.testng.SuiteRunner.runSequentially(SuiteRunner.java:352)
	at org.testng.SuiteRunner.privateRun(SuiteRunner.java:310)
	at org.testng.SuiteRunner.run(SuiteRunner.java:259)
	at org.testng.SuiteRunnerWorker.runSuite(SuiteRunnerWorker.java:52)
	at org.testng.SuiteRunnerWorker.run(SuiteRunnerWorker.java:86)
	at org.testng.TestNG.runSuitesSequentially(TestNG.java:1185)
	at org.testng.TestNG.runSuitesLocally(TestNG.java:1110)
	at org.testng.TestNG.run(TestNG.java:1018)
	at org.testng.remote.AbstractRemoteTestNG.run(AbstractRemoteTestNG.java:115)
	at org.testng.remote.RemoteTestNG.initAndRun(RemoteTestNG.java:251)
	at org.testng.remote.RemoteTestNG.main(RemoteTestNG.java:77)
]]>
    </error>
  </testcase> <!-- Signin -->
</testsuite> <!-- org.testing.TestScripts.TC7 -->
