<?xml version="1.0" encoding="UTF-8"?>
<!-- Generated by org.testng.reporters.JUnitXMLReporter -->
<testsuite hostname="LOG-BOM-070" name="Default test(failed)" tests="1" failures="0" timestamp="28 Apr 2021 14:16:17 GMT" time="2.063" errors="0">
  <testcase name="@BeforeMethod BrowserOpening" time="0.0" classname="org.testing.TestScripts.TC1">
    <failure type="org.openqa.selenium.SessionNotCreatedException" message="session not created: This version of ChromeDriver only supports Chrome version 88
Current browser version is 90.0.4430.93 with binary path C:\Users\spa011\AppData\Local\Google\Chrome\Application\chrome.exe
Build info: version: &amp;apos;3.141.59&amp;apos;, revision: &amp;apos;e82be7d358&amp;apos;, time: &amp;apos;2018-11-14T08:25:48&amp;apos;
System info: host: &amp;apos;LOG-BOM-070&amp;apos;, ip: &amp;apos;172.28.0.90&amp;apos;, os.name: &amp;apos;Windows 10&amp;apos;, os.arch: &amp;apos;amd64&amp;apos;, os.version: &amp;apos;10.0&amp;apos;, java.version: &amp;apos;1.8.0_271&amp;apos;
Driver info: driver.version: ChromeDriver
remote stacktrace: Backtrace:
	GetHandleVerifier [0x0049B963+483]
	GetHandleVerifier [0x0049B941+449]
	GetHandleVerifier [0x00843308+3832712]
	GetHandleVerifier [0x0085D69A+3940122]
	GetHandleVerifier [0x00859AFB+3924859]
	GetHandleVerifier [0x00857D9C+3917340]
	GetHandleVerifier [0x0087E7FE+4075646]
	GetHandleVerifier [0x0087E56C+4074988]
	GetHandleVerifier [0x0087B2EB+4062059]
	GetHandleVerifier [0x0085ED14+3945876]
	GetHandleVerifier [0x0085FBCE+3949646]
	GetHandleVerifier [0x0085FB59+3949529]
	Ordinal0 [0x0045B5CC+46540]
	Ordinal0 [0x00459F53+40787]
	Ordinal0 [0x00459B12+39698]
	GetHandleVerifier [0x00761468+2907368]
	GetHandleVerifier [0x005A71EE+1096302]
	GetHandleVerifier [0x00563E8D+821005]
	GetHandleVerifier [0x0056396B+819691]
	GetHandleVerifier [0x00563881+819457]
	GetHandleVerifier [0x0058F463+998627]
	BaseThreadInitThunk [0x76B2FA29+25]
	RtlGetAppContainerNamedObjectPath [0x77347A4E+286]
	RtlGetAppContainerNamedObjectPath [0x77347A1E+238]
">
      <![CDATA[org.openqa.selenium.SessionNotCreatedException: session not created: This version of ChromeDriver only supports Chrome version 88
Current browser version is 90.0.4430.93 with binary path C:\Users\spa011\AppData\Local\Google\Chrome\Application\chrome.exe
Build info: version: '3.141.59', revision: 'e82be7d358', time: '2018-11-14T08:25:48'
System info: host: 'LOG-BOM-070', ip: '172.28.0.90', os.name: 'Windows 10', os.arch: 'amd64', os.version: '10.0', java.version: '1.8.0_271'
Driver info: driver.version: ChromeDriver
remote stacktrace: Backtrace:
	GetHandleVerifier [0x0049B963+483]
	GetHandleVerifier [0x0049B941+449]
	GetHandleVerifier [0x00843308+3832712]
	GetHandleVerifier [0x0085D69A+3940122]
	GetHandleVerifier [0x00859AFB+3924859]
	GetHandleVerifier [0x00857D9C+3917340]
	GetHandleVerifier [0x0087E7FE+4075646]
	GetHandleVerifier [0x0087E56C+4074988]
	GetHandleVerifier [0x0087B2EB+4062059]
	GetHandleVerifier [0x0085ED14+3945876]
	GetHandleVerifier [0x0085FBCE+3949646]
	GetHandleVerifier [0x0085FB59+3949529]
	Ordinal0 [0x0045B5CC+46540]
	Ordinal0 [0x00459F53+40787]
	Ordinal0 [0x00459B12+39698]
	GetHandleVerifier [0x00761468+2907368]
	GetHandleVerifier [0x005A71EE+1096302]
	GetHandleVerifier [0x00563E8D+821005]
	GetHandleVerifier [0x0056396B+819691]
	GetHandleVerifier [0x00563881+819457]
	GetHandleVerifier [0x0058F463+998627]
	BaseThreadInitThunk [0x76B2FA29+25]
	RtlGetAppContainerNamedObjectPath [0x77347A4E+286]
	RtlGetAppContainerNamedObjectPath [0x77347A1E+238]

	at org.openqa.selenium.remote.W3CHandshakeResponse.lambda$errorHandler$0(W3CHandshakeResponse.java:62)
	at org.openqa.selenium.remote.HandshakeResponse.lambda$getResponseFunction$0(HandshakeResponse.java:30)
	at org.openqa.selenium.remote.ProtocolHandshake.lambda$createSession$0(ProtocolHandshake.java:126)
	at java.util.stream.ReferencePipeline$3$1.accept(Unknown Source)
	at java.util.Spliterators$ArraySpliterator.tryAdvance(Unknown Source)
	at java.util.stream.ReferencePipeline.forEachWithCancel(Unknown Source)
	at java.util.stream.AbstractPipeline.copyIntoWithCancel(Unknown Source)
	at java.util.stream.AbstractPipeline.copyInto(Unknown Source)
	at java.util.stream.AbstractPipeline.wrapAndCopyInto(Unknown Source)
	at java.util.stream.FindOps$FindOp.evaluateSequential(Unknown Source)
	at java.util.stream.AbstractPipeline.evaluate(Unknown Source)
	at java.util.stream.ReferencePipeline.findFirst(Unknown Source)
	at org.openqa.selenium.remote.ProtocolHandshake.createSession(ProtocolHandshake.java:128)
	at org.openqa.selenium.remote.ProtocolHandshake.createSession(ProtocolHandshake.java:74)
	at org.openqa.selenium.remote.HttpCommandExecutor.execute(HttpCommandExecutor.java:136)
	at org.openqa.selenium.remote.service.DriverCommandExecutor.execute(DriverCommandExecutor.java:83)
	at org.openqa.selenium.remote.RemoteWebDriver.execute(RemoteWebDriver.java:552)
	at org.openqa.selenium.remote.RemoteWebDriver.startSession(RemoteWebDriver.java:213)
	at org.openqa.selenium.remote.RemoteWebDriver.<init>(RemoteWebDriver.java:131)
	at org.openqa.selenium.chrome.ChromeDriver.<init>(ChromeDriver.java:181)
	at org.openqa.selenium.chrome.ChromeDriver.<init>(ChromeDriver.java:168)
	at org.openqa.selenium.chrome.ChromeDriver.<init>(ChromeDriver.java:123)
	at org.testing.Base.BaseClass.BrowserOpening(BaseClass.java:27)
... Removed 30 stack frames]]>
    </failure>
  </testcase> <!-- @BeforeMethod BrowserOpening -->
  <testcase name="SIGNIN" time="0.002" classname="org.testing.TestScripts.TC1">
    <skipped/>
  </testcase> <!-- SIGNIN -->
</testsuite> <!-- Default test(failed) -->
